<?xml version="1.0" encoding="utf-8"?><testsuites name="pytest tests"><testsuite name="pytest" errors="0" failures="0" skipped="0" tests="21" time="5.095" timestamp="2026-03-18T13:12:24.876190+00:00" hostname="agent-env-877bf2c8-db4d-4973-a530-0e97cc8dbb5b"><testcase classname="backend.tests.test_universe.TestHealth" name="test_api_root" time="0.276" /><testcase classname="backend.tests.test_universe.TestAuth" name="test_login_demo" time="0.367" /><testcase classname="backend.tests.test_universe.TestAuth" name="test_login_wrong_password" time="0.336" /><testcase classname="backend.tests.test_universe.TestAuth" name="test_get_me" time="0.392" /><testcase classname="backend.tests.test_universe.TestAuth" name="test_register_new_user" time="0.358" /><testcase classname="backend.tests.test_universe.TestFilms" name="test_get_all_films" time="0.142" /><testcase classname="backend.tests.test_universe.TestFilms" name="test_films_have_duration_types" time="0.124" /><testcase classname="backend.tests.test_universe.TestFilms" name="test_film_detail" time="0.168" /><testcase classname="backend.tests.test_universe.TestFilms" name="test_film_filter_by_genre" time="0.110" /><testcase classname="backend.tests.test_universe.TestFilms" name="test_film_search" time="0.114" /><testcase classname="backend.tests.test_universe.TestFilms" name="test_film_not_found" time="0.128" /><testcase classname="backend.tests.test_universe.TestFilms" name="test_feed_endpoint" time="0.126" /><testcase classname="backend.tests.test_universe.TestReviews" name="test_get_reviews" time="0.184" /><testcase classname="backend.tests.test_universe.TestReviews" name="test_get_reviews_for_film" time="0.128" /><testcase classname="backend.tests.test_universe.TestReviews" name="test_create_review" time="0.405" /><testcase classname="backend.tests.test_universe.TestReviews" name="test_create_review_unauthenticated" time="0.112" /><testcase classname="backend.tests.test_universe.TestPosts" name="test_get_posts" time="0.146" /><testcase classname="backend.tests.test_universe.TestPosts" name="test_create_post" time="0.386" /><testcase classname="backend.tests.test_universe.TestPosts" name="test_like_post" time="0.385" /><testcase classname="backend.tests.test_universe.TestFilmsSeen" name="test_mark_film_seen" time="0.393" /><testcase classname="backend.tests.test_universe.TestFilmsSeen" name="test_get_films_seen" time="0.113" /></testsuite></testsuites>